1733005854: mosquitto version 2.0.20 starting
1733005854: Config loaded from /mosquitto/config/mosquitto.conf.
1733005854: Opening ipv4 listen socket on port 1883.
1733005854: Opening ipv6 listen socket on port 1883.
1733005854: Opening websockets listen socket on port 9001.
1733005854: mosquitto version 2.0.20 running
1733007524: mosquitto version 2.0.20 starting
1733007524: Config loaded from /mosquitto/config/mosquitto.conf.
1733007524: Opening ipv4 listen socket on port 1883.
1733007524: Opening ipv6 listen socket on port 1883.
1733007524: Opening websockets listen socket on port 9001.
1733007524: mosquitto version 2.0.20 running
1733007603: mosquitto version 2.0.20 terminating
1733007603: Saving in-memory database to /mosquitto/data//mosquitto.db.
1733007618: mosquitto version 2.0.20 starting
1733007618: Config loaded from /mosquitto/config/mosquitto.conf.
1733007618: Opening ipv4 listen socket on port 1883.
1733007618: Opening ipv6 listen socket on port 1883.
1733007618: Opening websockets listen socket on port 9001.
1733007618: mosquitto version 2.0.20 running
1733007746: mosquitto version 2.0.20 starting
1733007746: Config loaded from /mosquitto/config/mosquitto.conf.
1733007746: Opening ipv4 listen socket on port 1883.
1733007746: Opening ipv6 listen socket on port 1883.
1733007746: Opening websockets listen socket on port 9001.
1733007746: mosquitto version 2.0.20 running
1733009547: Saving in-memory database to /mosquitto/data//mosquitto.db.
1733011348: Saving in-memory database to /mosquitto/data//mosquitto.db.
1733013149: Saving in-memory database to /mosquitto/data//mosquitto.db.
1733014950: Saving in-memory database to /mosquitto/data//mosquitto.db.
1733016751: Saving in-memory database to /mosquitto/data//mosquitto.db.
